#
# There is insufficient memory for the Java Runtime Environment to continue.
# Native memory allocation (malloc) failed to allocate 1344976 bytes for Chunk::new
# Possible reasons:
#   The system is out of physical RAM or swap space
#   In 32 bit mode, the process size limit was hit
# Possible solutions:
#   Reduce memory load on the system
#   Increase physical memory or swap space
#   Check if swap backing store is full
#   Use 64 bit Java on a 64 bit OS
#   Decrease Java heap size (-Xmx/-Xms)
#   Decrease number of Java threads
#   Decrease Java thread stack sizes (-Xss)
#   Set larger code cache with -XX:ReservedCodeCacheSize=
# This output file may be truncated or incomplete.
#
#  Out of Memory Error (allocation.cpp:390), pid=5396, tid=4632
#
# JRE version: Java(TM) SE Runtime Environment (8.0_91-b15) (build 1.8.0_91-b15)
# Java VM: Java HotSpot(TM) 64-Bit Server VM (25.91-b15 mixed mode windows-amd64 compressed oops)
# Failed to write core dump. Minidumps are not enabled by default on client versions of Windows
#

---------------  T H R E A D  ---------------

Current thread (0x000000000225c800):  JavaThread "C2 CompilerThread1" daemon [_thread_in_native, id=4632, stack(0x0000000016070000,0x0000000016170000)]

Stack: [0x0000000016070000,0x0000000016170000]
[error occurred during error reporting (printing stack bounds), id 0xc0000005]

Native frames: (J=compiled Java code, j=interpreted, Vv=VM code, C=native code)


Current CompileTask:
C2:  16912 1392   !   4       com.android.dx.cf.code.BytecodeArray::parseInstruction (2764 bytes)


---------------  P R O C E S S  ---------------

Java Threads: ( => current thread )
  0x00000000164a0000 JavaThread "pool-1-thread-4" [_thread_blocked, id=9148, stack(0x0000000016c70000,0x0000000016d70000)]
  0x000000001649f000 JavaThread "pool-1-thread-3" [_thread_blocked, id=1396, stack(0x0000000016b70000,0x0000000016c70000)]
  0x000000001649c800 JavaThread "pool-1-thread-2" [_thread_blocked, id=7964, stack(0x0000000016a70000,0x0000000016b70000)]
  0x0000000016470000 JavaThread "pool-2-thread-1" [_thread_blocked, id=524, stack(0x0000000016970000,0x0000000016a70000)]
  0x000000001646f800 JavaThread "pool-1-thread-1" [_thread_blocked, id=8724, stack(0x0000000016870000,0x0000000016970000)]
  0x000000001498b800 JavaThread "Service Thread" daemon [_thread_blocked, id=7200, stack(0x0000000016670000,0x0000000016770000)]
  0x0000000016178800 JavaThread "C1 CompilerThread2" daemon [_thread_blocked, id=5068, stack(0x0000000016570000,0x0000000016670000)]
=>0x000000000225c800 JavaThread "C2 CompilerThread1" daemon [_thread_in_native, id=4632, stack(0x0000000016070000,0x0000000016170000)]
  0x0000000014930000 JavaThread "C2 CompilerThread0" daemon [_thread_blocked, id=8736, stack(0x0000000015f70000,0x0000000016070000)]
  0x000000001492d000 JavaThread "Attach Listener" daemon [_thread_blocked, id=1132, stack(0x0000000015e70000,0x0000000015f70000)]
  0x000000001493d000 JavaThread "Signal Dispatcher" daemon [_thread_blocked, id=6496, stack(0x0000000015d70000,0x0000000015e70000)]
  0x000000001491a000 JavaThread "Finalizer" daemon [_thread_blocked, id=7888, stack(0x0000000015b80000,0x0000000015c80000)]
  0x00000000148f9000 JavaThread "Reference Handler" daemon [_thread_blocked, id=7892, stack(0x0000000015a80000,0x0000000015b80000)]
  0x000000000072d800 JavaThread "main" [_thread_blocked, id=8808, stack(0x0000000001f70000,0x0000000002070000)]

Other Threads:
  0x00000000148f7800 VMThread [stack: 0x0000000015980000,0x0000000015a80000] [id=3920]
  0x000000001498e800 WatcherThread [stack: 0x0000000016770000,0x0000000016870000] [id=7844]

VM state:at safepoint (normal execution)

VM Mutex/Monitor currently owned by a thread:  ([mutex/lock_event])
[0x000000000072cee0] Threads_lock - owner thread: 0x00000000148f7800
[0x000000000072cde0] Heap_lock - owner thread: 0x00000000164a0000

Heap:
 PSYoungGen      total 34304K, used 2558K [0x00000000eab00000, 0x00000000ecf00000, 0x0000000100000000)
  eden space 31744K, 0% used [0x00000000eab00000,0x00000000eab00000,0x00000000eca00000)
  from space 2560K, 99% used [0x00000000eca00000,0x00000000ecc7fbf8,0x00000000ecc80000)
  to   space 2560K, 0% used [0x00000000ecc80000,0x00000000ecc80000,0x00000000ecf00000)
 ParOldGen       total 42496K, used 8806K [0x00000000c0000000, 0x00000000c2980000, 0x00000000eab00000)
  object space 42496K, 20% used [0x00000000c0000000,0x00000000c08998f8,0x00000000c2980000)
 Metaspace       used 6222K, capacity 7090K, committed 7296K, reserved 1056768K
  class space    used 601K, capacity 618K, committed 640K, reserved 1048576K

Card table byte_map: [0x0000000011620000,0x0000000011830000] byte_map_base: 0x0000000011020000

Marking Bits: (ParMarkBitMap*) 0x00000000595f2f70
 Begin Bits: [0x0000000011d90000, 0x0000000012d90000)
 End Bits:   [0x0000000012d90000, 0x0000000013d90000)

Polling page: 0x00000000001f0000

CodeCache: size=245760Kb used=6138Kb max_used=6138Kb free=239621Kb
 bounds [0x0000000002260000, 0x0000000002870000, 0x0000000011260000]
 total_blobs=1783 nmethods=1514 adapters=182
 compilation: enabled

Compilation events (10 events):
Event: 13.647 Thread 0x0000000014930000 1410       4       com.android.dx.rop.code.Insn::getLocalAssignment (48 bytes)
Event: 13.649 Thread 0x0000000014930000 nmethod 1410 0x0000000002807ad0 code [0x0000000002807c20, 0x0000000002807d18]
Event: 13.649 Thread 0x0000000014930000 1411       4       com.android.dx.rop.code.Insn::hashCode (5 bytes)
Event: 13.649 Thread 0x0000000014930000 nmethod 1411 0x00000000027f64d0 code [0x00000000027f6620, 0x00000000027f66c8]
Event: 13.650 Thread 0x0000000014930000 1413   !   4       com.android.dx.rop.code.RegisterSpecSet::put (104 bytes)
Event: 13.654 Thread 0x0000000014930000 nmethod 1413 0x000000000280f850 code [0x000000000280f9c0, 0x000000000280fc98]
Event: 13.654 Thread 0x0000000014930000 1421       4       com.android.dx.ssa.LocalVariableExtractor::processBlock (383 bytes)
Event: 13.655 Thread 0x0000000016178800 1420       1       com.android.dx.cf.code.OneLocalsArray::getOrNull (7 bytes)
Event: 13.656 Thread 0x0000000016178800 nmethod 1420 0x0000000002801010 code [0x0000000002801160, 0x0000000002801290]
Event: 13.656 Thread 0x0000000016178800 1414       3       com.android.dx.rop.code.RegisterSpecSet::intersect (117 bytes)

GC Heap History (4 events):
Event: 9.554 GC heap before
{Heap before GC invocations=1 (full 0):
 PSYoungGen      total 18432K, used 15872K [0x00000000eab00000, 0x00000000ebf80000, 0x0000000100000000)
  eden space 15872K, 100% used [0x00000000eab00000,0x00000000eba80000,0x00000000eba80000)
  from space 2560K, 0% used [0x00000000ebd00000,0x00000000ebd00000,0x00000000ebf80000)
  to   space 2560K, 0% used [0x00000000eba80000,0x00000000eba80000,0x00000000ebd00000)
 ParOldGen       total 42496K, used 0K [0x00000000c0000000, 0x00000000c2980000, 0x00000000eab00000)
  object space 42496K, 0% used [0x00000000c0000000,0x00000000c0000000,0x00000000c2980000)
 Metaspace       used 5627K, capacity 6576K, committed 6784K, reserved 1056768K
  class space    used 597K, capacity 616K, committed 640K, reserved 1048576K
Event: 9.749 GC heap after
Heap after GC invocations=1 (full 0):
 PSYoungGen      total 18432K, used 2551K [0x00000000eab00000, 0x00000000ecf00000, 0x0000000100000000)
  eden space 15872K, 0% used [0x00000000eab00000,0x00000000eab00000,0x00000000eba80000)
  from space 2560K, 99% used [0x00000000eba80000,0x00000000ebcfdc78,0x00000000ebd00000)
  to   space 2560K, 0% used [0x00000000ecc80000,0x00000000ecc80000,0x00000000ecf00000)
 ParOldGen       total 42496K, used 1628K [0x00000000c0000000, 0x00000000c2980000, 0x00000000eab00000)
  object space 42496K, 3% used [0x00000000c0000000,0x00000000c01971e8,0x00000000c2980000)
 Metaspace       used 5627K, capacity 6576K, committed 6784K, reserved 1056768K
  class space    used 597K, capacity 616K, committed 640K, reserved 1048576K
}
Event: 11.807 GC heap before
{Heap before GC invocations=2 (full 0):
 PSYoungGen      total 18432K, used 18423K [0x00000000eab00000, 0x00000000ecf00000, 0x0000000100000000)
  eden space 15872K, 100% used [0x00000000eab00000,0x00000000eba80000,0x00000000eba80000)
  from space 2560K, 99% used [0x00000000eba80000,0x00000000ebcfdc78,0x00000000ebd00000)
  to   space 2560K, 0% used [0x00000000ecc80000,0x00000000ecc80000,0x00000000ecf00000)
 ParOldGen       total 42496K, used 1628K [0x00000000c0000000, 0x00000000c2980000, 0x00000000eab00000)
  object space 42496K, 3% used [0x00000000c0000000,0x00000000c01971e8,0x00000000c2980000)
 Metaspace       used 6092K, capacity 6962K, committed 7040K, reserved 1056768K
  class space    used 601K, capacity 618K, committed 640K, reserved 1048576K
Event: 11.864 GC heap after
Heap after GC invocations=2 (full 0):
 PSYoungGen      total 34304K, used 2531K [0x00000000eab00000, 0x00000000ecf00000, 0x0000000100000000)
  eden space 31744K, 0% used [0x00000000eab00000,0x00000000eab00000,0x00000000eca00000)
  from space 2560K, 98% used [0x00000000ecc80000,0x00000000ecef8cf0,0x00000000ecf00000)
  to   space 2560K, 0% used [0x00000000eca00000,0x00000000eca00000,0x00000000ecc80000)
 ParOldGen       total 42496K, used 3809K [0x00000000c0000000, 0x00000000c2980000, 0x00000000eab00000)
  object space 42496K, 8% used [0x00000000c0000000,0x00000000c03b85c0,0x00000000c2980000)
 Metaspace       used 6092K, capacity 6962K, committed 7040K, reserved 1056768K
  class space    used 601K, capacity 618K, committed 640K, reserved 1048576K
}

Deoptimization events (8 events):
Event: 9.827 Thread 0x00000000164a0000 Uncommon trap: reason=unstable_if action=reinterpret pc=0x00000000024c2c78 method=java.util.HashMap.getNode(ILjava/lang/Object;)Ljava/util/HashMap$Node; @ 62
Event: 9.833 Thread 0x000000001649f000 Uncommon trap: reason=unstable_if action=reinterpret pc=0x000000000253dadc method=com.android.dx.rop.cst.Constant.compareTo(Lcom/android/dx/rop/cst/Constant;)I @ 12
Event: 10.865 Thread 0x000000000072d800 Uncommon trap: reason=unstable_if action=reinterpret pc=0x0000000002686130 method=java.util.HashMap.getNode(ILjava/lang/Object;)Ljava/util/HashMap$Node; @ 129
Event: 10.866 Thread 0x000000000072d800 Uncommon trap: reason=unstable_if action=reinterpret pc=0x00000000024e16d8 method=java.util.HashMap.getNode(ILjava/lang/Object;)Ljava/util/HashMap$Node; @ 129
Event: 11.164 Thread 0x000000000072d800 Uncommon trap: reason=null_check action=make_not_entrant pc=0x0000000002593550 method=com.android.dx.ssa.SsaRenamer.getLocalForNewReg(I)Lcom/android/dx/rop/code/LocalItem; @ 19
Event: 13.045 Thread 0x000000000072d800 Uncommon trap: reason=unstable_if action=reinterpret pc=0x00000000026407ac method=com.android.dx.rop.code.RegisterSpecSet.put(Lcom/android/dx/rop/code/RegisterSpec;)V @ 77
Event: 13.045 Thread 0x000000000072d800 Uncommon trap: reason=unstable_if action=reinterpret pc=0x000000000269f0a0 method=com.android.dx.rop.code.RegisterSpecSet.put(Lcom/android/dx/rop/code/RegisterSpec;)V @ 77
Event: 13.620 Thread 0x000000001649c800 Uncommon trap: reason=unstable_if action=reinterpret pc=0x0000000002733afc method=com.android.dx.util.IntList.binarysearch(I)I @ 105

Internal exceptions (3 events):
Event: 0.108 Thread 0x000000000072d800 Exception <a 'java/lang/NoSuchMethodError': Method sun.misc.Unsafe.defineClass(Ljava/lang/String;[BII)Ljava/lang/Class; name or signature does not match> (0x00000000eab07cc0) thrown at [C:\re\workspace\8-2-build-windows-amd64-cygwin\jdk8u91\7017\hotspot\sr|\æ{¹»?
Event: 0.108 Thread 0x000000000072d800 Exception <a 'java/lang/NoSuchMethodError': Method sun.misc.Unsafe.prefetchRead(Ljava/lang/Object;J)V name or signature does not match> (0x00000000eab07fa8) thrown at [C:\re\workspace\8-2-build-windows-amd64-cygwin\jdk8u91\7017\hotspot\src\share\vm\prims\j†>ãd¸S&@
Event: 11.164 Thread 0x000000000072d800 Implicit null exception at 0x0000000002591651 to 0x0000000002593531

Events (10 events):
Event: 11.864 Executing VM operation: ParallelGCFailedAllocation done
Event: 13.045 Thread 0x000000000072d800 Uncommon trap: trap_request=0xffffff65 fr.pc=0x00000000026407ac
Event: 13.045 Thread 0x000000000072d800 DEOPT PACKING pc=0x00000000026407ac sp=0x000000000206e100
Event: 13.045 Thread 0x000000000072d800 DEOPT UNPACKING pc=0x00000000022a582a sp=0x000000000206e088 mode 2
Event: 13.045 Thread 0x000000000072d800 Uncommon trap: trap_request=0xffffff65 fr.pc=0x000000000269f0a0
Event: 13.045 Thread 0x000000000072d800 DEOPT PACKING pc=0x000000000269f0a0 sp=0x000000000206e0f0
Event: 13.045 Thread 0x000000000072d800 DEOPT UNPACKING pc=0x00000000022a582a sp=0x000000000206e010 mode 2
Event: 13.620 Thread 0x000000001649c800 Uncommon trap: trap_request=0xffffff65 fr.pc=0x0000000002733afc
Event: 13.620 Thread 0x000000001649c800 DEOPT PACKING pc=0x0000000002733afc sp=0x0000000016b6e580
Event: 13.620 Thread 0x000000001649c800 DEOPT UNPACKING pc=0x00000000022a582a sp=0x0000000016b6e4f8 mode 2


Dynamic libraries:
0x00007ff7817c0000 - 0x00007ff7817f7000 	C:\Program Files\Java\jdk1.8.0_91\bin\java.exe
0x00007ffecc340000 - 0x00007ffecc501000 	C:\Windows\SYSTEM32\ntdll.dll
0x00007ffeca230000 - 0x00007ffeca2dd000 	C:\Windows\system32\KERNEL32.DLL
0x00007ffec94e0000 - 0x00007ffec96c8000 	C:\Windows\system32\KERNELBASE.dll
0x00007ffeca440000 - 0x00007ffeca4e7000 	C:\Windows\system32\ADVAPI32.dll
0x00007ffecbc80000 - 0x00007ffecbd1d000 	C:\Windows\system32\msvcrt.dll
0x00007ffec9970000 - 0x00007ffec99cb000 	C:\Windows\system32\sechost.dll
0x00007ffec97f0000 - 0x00007ffec990c000 	C:\Windows\system32\RPCRT4.dll
0x00007ffeca2e0000 - 0x00007ffeca436000 	C:\Windows\system32\USER32.dll
0x00007ffeca0a0000 - 0x00007ffeca226000 	C:\Windows\system32\GDI32.dll
0x00007ffec1cd0000 - 0x00007ffec1f44000 	C:\Windows\WinSxS\amd64_microsoft.windows.common-controls_6595b64144ccf1df_6.0.10586.0_none_8c15ae12515e1c22\COMCTL32.dll
0x00007ffecc060000 - 0x00007ffecc2dd000 	C:\Windows\system32\combase.dll
0x00007ffec96d0000 - 0x00007ffec973a000 	C:\Windows\system32\bcryptPrimitives.dll
0x00007ffecbe70000 - 0x00007ffecbeab000 	C:\Windows\system32\IMM32.DLL
0x00007ffec8820000 - 0x00007ffec8886000 	C:\Windows\system32\nvinitx.dll
0x0000000058a20000 - 0x0000000058af2000 	C:\Program Files\Java\jdk1.8.0_91\jre\bin\msvcr100.dll
0x0000000058de0000 - 0x0000000059673000 	C:\Program Files\Java\jdk1.8.0_91\jre\bin\server\jvm.dll
0x00007ffec97b0000 - 0x00007ffec97b8000 	C:\Windows\system32\PSAPI.DLL
0x00007ffeb50d0000 - 0x00007ffeb50d9000 	C:\Windows\SYSTEM32\WSOCK32.dll
0x00007ffec9e00000 - 0x00007ffec9e6b000 	C:\Windows\system32\WS2_32.dll
0x00007ffec6ff0000 - 0x00007ffec7013000 	C:\Windows\SYSTEM32\WINMM.dll
0x00007ffec51c0000 - 0x00007ffec51ca000 	C:\Windows\SYSTEM32\VERSION.dll
0x00007ffec6fc0000 - 0x00007ffec6fec000 	C:\Windows\SYSTEM32\WINMMBASE.dll
0x00007ffec9430000 - 0x00007ffec9473000 	C:\Windows\system32\cfgmgr32.dll
0x0000000059930000 - 0x000000005993f000 	C:\Program Files\Java\jdk1.8.0_91\jre\bin\verify.dll
0x0000000059900000 - 0x0000000059929000 	C:\Program Files\Java\jdk1.8.0_91\jre\bin\java.dll
0x00000000598e0000 - 0x00000000598f6000 	C:\Program Files\Java\jdk1.8.0_91\jre\bin\zip.dll
0x00007ffeca720000 - 0x00007ffecbc7c000 	C:\Windows\system32\SHELL32.dll
0x00007ffec8a10000 - 0x00007ffec9054000 	C:\Windows\system32\windows.storage.dll
0x00007ffeca4f0000 - 0x00007ffeca542000 	C:\Windows\system32\shlwapi.dll
0x00007ffec8980000 - 0x00007ffec898f000 	C:\Windows\system32\kernel.appcore.dll
0x00007ffec9060000 - 0x00007ffec9115000 	C:\Windows\system32\shcore.dll
0x00007ffec8990000 - 0x00007ffec89db000 	C:\Windows\system32\powrprof.dll
0x00007ffec8960000 - 0x00007ffec8974000 	C:\Windows\system32\profapi.dll

VM Arguments:
jvm_args: -Djava.awt.headless=true -Xmx1024M -Dfile.encoding=windows-1251 -Duser.country=RU -Duser.language=ru -Duser.variant 
java_command: com.android.dx.command.Main --dex --force-jumbo --num-threads=4 --output C:\Summer2016\n17r\WordsFromWord\AppSrc\WordsFromWord\app\build\intermediates\pre-dexed\debug\glide-3.7.0_aa398176f5f352c0e4906ed675300766a7fea389.jar C:\Users\aqali\.gradle\caches\modules-2\files-2.1\com.github.bumptech.glide\glide\3.7.0\9e9eeaf9948ee4d6c3ab354e8dc14368f16994a4\glide-3.7.0.jar
java_class_path (initial): C:\Users\aqali\AppData\Local\Android\sdk\build-tools\23.0.3\lib\dx.jar
Launcher Type: SUN_STANDARD

Environment Variables:
PATH=C:\ProgramData\Oracle\Java\javapath;C:\Program Files (x86)\NVIDIA Corporation\PhysX\Common;C:\Program Files (x86)\Intel\iCLS Client\;C:\Program Files\Intel\iCLS Client\;C:\Windows\system32;C:\Windows;C:\Windows\System32\Wbem;C:\Windows\System32\WindowsPowerShell\v1.0\;C:\ProgramData\pbox;C:\Programs\Python-2;C:\Programs\tools\misc;C:\Programs\tools\support-tools;C:\Programs\tools\sysinternals;C:\Programs\tools\windows-resource-kit;C:\Programs\Python-3;C:\Programs\mingw-tdm-gcc\bin;C:\Programs\mingw-tdm-gcc\mingw32\bin;C:\Programs\mingw-tdm-gcc\msys\1.0\sbin;C:\Programs\mingw-tdm-gcc\msys\1.0\sbin;C:\Programs\Far;C:\Programs\git\bin;C:\Programs\sublimetext2;C:\Program Files (x86)\Skype\Phone\;C:\Program Files\Intel\Intel(R) Management Engine Components\DAL;C:\Program Files\Intel\Intel(R) Management Engine Components\IPT;C:\Program Files (x86)\Intel\Intel(R) Management Engine Components\DAL;C:\Program Files (x86)\Intel\Intel(R) Management Engine Components\IPT;C:\Program Files\Java\jdk1.7.0_79\bin;C:\Program Files\nodejs\;C:\Programs\dex2jar-2.0;C:\Users\aqali\AppData\Roaming\npm;.;;.;
USERNAME=aqali
OS=Windows_NT
PROCESSOR_IDENTIFIER=Intel64 Family 6 Model 58 Stepping 9, GenuineIntel



---------------  S Y S T E M  ---------------

OS: Windows 10.0 , 64 bit Build 10586 (10.0.10586.0)

CPU:total 4 (2 cores per cpu, 2 threads per core) family 6 model 58 stepping 9, cmov, cx8, fxsr, mmx, sse, sse2, sse3, ssse3, sse4.1, sse4.2, popcnt, avx, aes, clmul, erms, ht, tsc, tscinvbit, tscinv

Memory: 4k page, physical 4008296k(321668k free), swap 5879952k(6672k free)

vm_info: Java HotSpot(TM) 64-Bit Server VM (25.91-b15) for windows-amd64 JRE (1.8.0_91-b15), built on May 20 2016 17:43:15 by "java_re" with MS VC++ 10.0 (VS2010)

time: Tue Aug 02 23:56:30 2016
elapsed time: 18 seconds (0d 0h 0m 18s)

