#
# There is insufficient memory for the Java Runtime Environment to continue.
# Native memory allocation (malloc) failed to allocate 131088 bytes for Chunk::new
# Possible reasons:
#   The system is out of physical RAM or swap space
#   In 32 bit mode, the process size limit was hit
# Possible solutions:
#   Reduce memory load on the system
#   Increase physical memory or swap space
#   Check if swap backing store is full
#   Use 64 bit Java on a 64 bit OS
#   Decrease Java heap size (-Xmx/-Xms)
#   Decrease number of Java threads
#   Decrease Java thread stack sizes (-Xss)
#   Set larger code cache with -XX:ReservedCodeCacheSize=
# This output file may be truncated or incomplete.
#
#  Out of Memory Error (allocation.cpp:390), pid=3432, tid=6036
#
# JRE version: Java(TM) SE Runtime Environment (8.0_91-b15) (build 1.8.0_91-b15)
# Java VM: Java HotSpot(TM) 64-Bit Server VM (25.91-b15 mixed mode windows-amd64 compressed oops)
# Failed to write core dump. Minidumps are not enabled by default on client versions of Windows
#

---------------  T H R E A D  ---------------

Current thread (0x0000000014a52800):  JavaThread "C2 CompilerThread1" daemon [_thread_in_native, id=6036, stack(0x00000000160b0000,0x00000000161b0000)]

Stack: [0x00000000160b0000,0x00000000161b0000]
[error occurred during error reporting (printing stack bounds), id 0xc0000005]

Native frames: (J=compiled Java code, j=interpreted, Vv=VM code, C=native code)


Current CompileTask:
C2:   7849 1225       4       com.android.dx.ssa.SCCP::simulateStmt (481 bytes)


---------------  P R O C E S S  ---------------

Java Threads: ( => current thread )
  0x0000000016359000 JavaThread "pool-1-thread-4" [_thread_in_Java, id=3800, stack(0x0000000016cb0000,0x0000000016db0000)]
  0x000000001636b800 JavaThread "pool-1-thread-3" [_thread_in_Java, id=5680, stack(0x0000000016bb0000,0x0000000016cb0000)]
  0x0000000016364800 JavaThread "pool-1-thread-2" [_thread_blocked, id=8324, stack(0x0000000016ab0000,0x0000000016bb0000)]
  0x000000001634f000 JavaThread "pool-2-thread-1" [_thread_blocked, id=6684, stack(0x00000000169b0000,0x0000000016ab0000)]
  0x000000001634e000 JavaThread "pool-1-thread-1" [_thread_in_Java, id=6924, stack(0x00000000168b0000,0x00000000169b0000)]
  0x00000000161cc800 JavaThread "Service Thread" daemon [_thread_blocked, id=1288, stack(0x00000000166b0000,0x00000000167b0000)]
  0x00000000161b0800 JavaThread "C1 CompilerThread2" daemon [_thread_in_native, id=8980, stack(0x00000000165b0000,0x00000000166b0000)]
=>0x0000000014a52800 JavaThread "C2 CompilerThread1" daemon [_thread_in_native, id=6036, stack(0x00000000160b0000,0x00000000161b0000)]
  0x0000000014a50800 JavaThread "C2 CompilerThread0" daemon [_thread_in_native, id=6356, stack(0x0000000015fb0000,0x00000000160b0000)]
  0x0000000014a4d800 JavaThread "Attach Listener" daemon [_thread_blocked, id=1488, stack(0x0000000015eb0000,0x0000000015fb0000)]
  0x0000000014a5d000 JavaThread "Signal Dispatcher" daemon [_thread_blocked, id=3288, stack(0x0000000015db0000,0x0000000015eb0000)]
  0x0000000014a3a800 JavaThread "Finalizer" daemon [_thread_blocked, id=8412, stack(0x0000000015ca0000,0x0000000015da0000)]
  0x000000000236f800 JavaThread "Reference Handler" daemon [_thread_blocked, id=7452, stack(0x0000000015ba0000,0x0000000015ca0000)]
  0x0000000002282800 JavaThread "main" [_thread_in_Java, id=6968, stack(0x0000000002180000,0x0000000002280000)]

Other Threads:
  0x0000000014a18800 VMThread [stack: 0x0000000015aa0000,0x0000000015ba0000] [id=2564]
  0x00000000161d0800 WatcherThread [stack: 0x00000000167b0000,0x00000000168b0000] [id=6384]

VM state:not at safepoint (normal execution)

VM Mutex/Monitor currently owned by a thread: None

Heap:
 PSYoungGen      total 34304K, used 8358K [0x00000000eab00000, 0x00000000ecf00000, 0x0000000100000000)
  eden space 31744K, 18% used [0x00000000eab00000,0x00000000eb0af530,0x00000000eca00000)
  from space 2560K, 99% used [0x00000000ecc80000,0x00000000ecefa598,0x00000000ecf00000)
  to   space 2560K, 0% used [0x00000000eca00000,0x00000000eca00000,0x00000000ecc80000)
 ParOldGen       total 42496K, used 4629K [0x00000000c0000000, 0x00000000c2980000, 0x00000000eab00000)
  object space 42496K, 10% used [0x00000000c0000000,0x00000000c0485778,0x00000000c2980000)
 Metaspace       used 5874K, capacity 6960K, committed 7040K, reserved 1056768K
  class space    used 582K, capacity 616K, committed 640K, reserved 1048576K

Card table byte_map: [0x0000000011740000,0x0000000011950000] byte_map_base: 0x0000000011140000

Marking Bits: (ParMarkBitMap*) 0x0000000057522f70
 Begin Bits: [0x0000000011eb0000, 0x0000000012eb0000)
 End Bits:   [0x0000000012eb0000, 0x0000000013eb0000)

Polling page: 0x0000000000420000

CodeCache: size=245760Kb used=4947Kb max_used=4956Kb free=240813Kb
 bounds [0x0000000002380000, 0x0000000002860000, 0x0000000011380000]
 total_blobs=1492 nmethods=1230 adapters=175
 compilation: enabled

Compilation events (10 events):
Event: 7.812 Thread 0x0000000014a52800 nmethod 1236 0x0000000002853f50 code [0x00000000028540a0, 0x0000000002854218]
Event: 7.812 Thread 0x0000000014a52800 1245       4       java.util.AbstractMap::<init> (5 bytes)
Event: 7.812 Thread 0x0000000014a52800 nmethod 1245 0x0000000002785550 code [0x0000000002785680, 0x00000000027856d8]
Event: 7.812 Thread 0x0000000014a52800 1225       4       com.android.dx.ssa.SCCP::simulateStmt (481 bytes)
Event: 7.837 Thread 0x0000000014a50800 1250       4       com.android.dx.ssa.SsaMethod::computeReachability (131 bytes)
Event: 7.837 Thread 0x00000000161b0800 1246       1       com.android.dx.rop.code.Insn$BaseVisitor::visitThrowingCstInsn (1 bytes)
Event: 7.837 Thread 0x00000000161b0800 nmethod 1246 0x000000000248e150 code [0x000000000248e2a0, 0x000000000248e3b0]
Event: 7.837 Thread 0x00000000161b0800 1233       3       com.android.dx.util.FixedSizeList::shrinkToFit (103 bytes)
Event: 7.838 Thread 0x00000000161b0800 nmethod 1233 0x0000000002854c10 code [0x0000000002854dc0, 0x0000000002855648]
Event: 7.838 Thread 0x00000000161b0800 1234       3       com.android.dx.cf.code.Simulator$SimVisitor::visitNoArgs (2108 bytes)

GC Heap History (4 events):
Event: 6.713 GC heap before
{Heap before GC invocations=1 (full 0):
 PSYoungGen      total 18432K, used 15872K [0x00000000eab00000, 0x00000000ebf80000, 0x0000000100000000)
  eden space 15872K, 100% used [0x00000000eab00000,0x00000000eba80000,0x00000000eba80000)
  from space 2560K, 0% used [0x00000000ebd00000,0x00000000ebd00000,0x00000000ebf80000)
  to   space 2560K, 0% used [0x00000000eba80000,0x00000000eba80000,0x00000000ebd00000)
 ParOldGen       total 42496K, used 0K [0x00000000c0000000, 0x00000000c2980000, 0x00000000eab00000)
  object space 42496K, 0% used [0x00000000c0000000,0x00000000c0000000,0x00000000c2980000)
 Metaspace       used 5568K, capacity 6704K, committed 6784K, reserved 1056768K
  class space    used 577K, capacity 616K, committed 640K, reserved 1048576K
Event: 7.033 GC heap after
Heap after GC invocations=1 (full 0):
 PSYoungGen      total 18432K, used 2548K [0x00000000eab00000, 0x00000000ecf00000, 0x0000000100000000)
  eden space 15872K, 0% used [0x00000000eab00000,0x00000000eab00000,0x00000000eba80000)
  from space 2560K, 99% used [0x00000000eba80000,0x00000000ebcfd198,0x00000000ebd00000)
  to   space 2560K, 0% used [0x00000000ecc80000,0x00000000ecc80000,0x00000000ecf00000)
 ParOldGen       total 42496K, used 1846K [0x00000000c0000000, 0x00000000c2980000, 0x00000000eab00000)
  object space 42496K, 4% used [0x00000000c0000000,0x00000000c01cd9c0,0x00000000c2980000)
 Metaspace       used 5568K, capacity 6704K, committed 6784K, reserved 1056768K
  class space    used 577K, capacity 616K, committed 640K, reserved 1048576K
}
Event: 7.746 GC heap before
{Heap before GC invocations=2 (full 0):
 PSYoungGen      total 18432K, used 18420K [0x00000000eab00000, 0x00000000ecf00000, 0x0000000100000000)
  eden space 15872K, 100% used [0x00000000eab00000,0x00000000eba80000,0x00000000eba80000)
  from space 2560K, 99% used [0x00000000eba80000,0x00000000ebcfd198,0x00000000ebd00000)
  to   space 2560K, 0% used [0x00000000ecc80000,0x00000000ecc80000,0x00000000ecf00000)
 ParOldGen       total 42496K, used 1846K [0x00000000c0000000, 0x00000000c2980000, 0x00000000eab00000)
  object space 42496K, 4% used [0x00000000c0000000,0x00000000c01cd9c0,0x00000000c2980000)
 Metaspace       used 5849K, capacity 6896K, committed 7040K, reserved 1056768K
  class space    used 582K, capacity 616K, committed 640K, reserved 1048576K
Event: 7.799 GC heap after
Heap after GC invocations=2 (full 0):
 PSYoungGen      total 34304K, used 2537K [0x00000000eab00000, 0x00000000ecf00000, 0x0000000100000000)
  eden space 31744K, 0% used [0x00000000eab00000,0x00000000eab00000,0x00000000eca00000)
  from space 2560K, 99% used [0x00000000ecc80000,0x00000000ecefa598,0x00000000ecf00000)
  to   space 2560K, 0% used [0x00000000eca00000,0x00000000eca00000,0x00000000ecc80000)
 ParOldGen       total 42496K, used 4629K [0x00000000c0000000, 0x00000000c2980000, 0x00000000eab00000)
  object space 42496K, 10% used [0x00000000c0000000,0x00000000c0485778,0x00000000c2980000)
 Metaspace       used 5849K, capacity 6896K, committed 7040K, reserved 1056768K
  class space    used 582K, capacity 616K, committed 640K, reserved 1048576K
}

Deoptimization events (10 events):
Event: 7.037 Thread 0x000000001634e000 Uncommon trap: reason=class_check action=maybe_recompile pc=0x00000000026b3cc8 method=com.android.dx.ssa.SsaBasicBlock.forEachInsn(Lcom/android/dx/ssa/SsaInsn$Visitor;)V @ 23
Event: 7.037 Thread 0x000000001634e000 Uncommon trap: reason=class_check action=maybe_recompile pc=0x00000000026b3cc8 method=com.android.dx.ssa.SsaBasicBlock.forEachInsn(Lcom/android/dx/ssa/SsaInsn$Visitor;)V @ 23
Event: 7.037 Thread 0x000000001634e000 Uncommon trap: reason=class_check action=maybe_recompile pc=0x00000000026b3cc8 method=com.android.dx.ssa.SsaBasicBlock.forEachInsn(Lcom/android/dx/ssa/SsaInsn$Visitor;)V @ 23
Event: 7.037 Thread 0x000000001634e000 Uncommon trap: reason=unstable_if action=reinterpret pc=0x00000000025c8e28 method=java.util.HashMap.getNode(ILjava/lang/Object;)Ljava/util/HashMap$Node; @ 129
Event: 7.038 Thread 0x0000000016359000 Uncommon trap: reason=class_check action=maybe_recompile pc=0x00000000026b3cc8 method=com.android.dx.ssa.SsaBasicBlock.forEachInsn(Lcom/android/dx/ssa/SsaInsn$Visitor;)V @ 23
Event: 7.040 Thread 0x0000000016359000 Uncommon trap: reason=class_check action=maybe_recompile pc=0x00000000026574b0 method=com.android.dx.ssa.NormalSsaInsn.accept(Lcom/android/dx/ssa/SsaInsn$Visitor;)V @ 9
Event: 7.040 Thread 0x0000000016359000 Uncommon trap: reason=class_check action=maybe_recompile pc=0x00000000026574b0 method=com.android.dx.ssa.NormalSsaInsn.accept(Lcom/android/dx/ssa/SsaInsn$Visitor;)V @ 9
Event: 7.040 Thread 0x0000000016359000 Uncommon trap: reason=class_check action=maybe_recompile pc=0x00000000026574b0 method=com.android.dx.ssa.NormalSsaInsn.accept(Lcom/android/dx/ssa/SsaInsn$Visitor;)V @ 9
Event: 7.042 Thread 0x0000000016359000 Uncommon trap: reason=class_check action=maybe_recompile pc=0x00000000026574b0 method=com.android.dx.ssa.NormalSsaInsn.accept(Lcom/android/dx/ssa/SsaInsn$Visitor;)V @ 9
Event: 7.513 Thread 0x0000000002282800 Uncommon trap: reason=unloaded action=reinterpret pc=0x000000000269e6bc method=com.android.dx.cf.cst.ConstantPoolParser.parse0(ILjava/util/BitSet;)Lcom/android/dx/rop/cst/Constant; @ 176

Internal exceptions (2 events):
Event: 0.676 Thread 0x0000000002282800 Exception <a 'java/lang/NoSuchMethodError': Method sun.misc.Unsafe.defineClass(Ljava/lang/String;[BII)Ljava/lang/Class; name or signature does not match> (0x00000000eab07cc0) thrown at [C:\re\workspace\8-2-build-windows-amd64-cygwin\jdk8u91\7017\hotspot\srﬁ·Cà)°Â?
Event: 0.676 Thread 0x0000000002282800 Exception <a 'java/lang/NoSuchMethodError': Method sun.misc.Unsafe.prefetchRead(Ljava/lang/Object;J)V name or signature does not match> (0x00000000eab07fa8) thrown at [C:\re\workspace\8-2-build-windows-amd64-cygwin\jdk8u91\7017\hotspot\src\share\vm\prims\j

Events (10 events):
Event: 7.735 loading class java/util/TreeMap$EntryIterator
Event: 7.735 loading class java/util/TreeMap$EntryIterator done
Event: 7.735 Executing VM operation: Deoptimize
Event: 7.735 Executing VM operation: Deoptimize done
Event: 7.746 Executing VM operation: ParallelGCFailedAllocation
Event: 7.799 Executing VM operation: ParallelGCFailedAllocation done
Event: 7.801 Thread 0x0000000014a52800 flushing nmethod 0x0000000002489710
Event: 7.801 Thread 0x0000000014a52800 flushing nmethod 0x000000000248c150
Event: 7.801 Thread 0x0000000014a52800 flushing nmethod 0x000000000248c610
Event: 7.802 Thread 0x0000000014a52800 flushing nmethod 0x000000000248e050


Dynamic libraries:
0x00007ff7d6c00000 - 0x00007ff7d6c37000 	C:\Program Files\Java\jdk1.8.0_91\bin\java.exe
0x00007ffef6f90000 - 0x00007ffef7151000 	C:\Windows\SYSTEM32\ntdll.dll
0x00007ffef47a0000 - 0x00007ffef484d000 	C:\Windows\system32\KERNEL32.DLL
0x00007ffef3640000 - 0x00007ffef3828000 	C:\Windows\system32\KERNELBASE.dll
0x00007ffef6c60000 - 0x00007ffef6d07000 	C:\Windows\system32\ADVAPI32.dll
0x00007ffef48b0000 - 0x00007ffef494d000 	C:\Windows\system32\msvcrt.dll
0x00007ffef6ab0000 - 0x00007ffef6b0b000 	C:\Windows\system32\sechost.dll
0x00007ffef5120000 - 0x00007ffef523c000 	C:\Windows\system32\RPCRT4.dll
0x00007ffef4fc0000 - 0x00007ffef5116000 	C:\Windows\system32\USER32.dll
0x00007ffef4610000 - 0x00007ffef4796000 	C:\Windows\system32\GDI32.dll
0x00007ffeef970000 - 0x00007ffeefbe4000 	C:\Windows\WinSxS\amd64_microsoft.windows.common-controls_6595b64144ccf1df_6.0.10586.0_none_8c15ae12515e1c22\COMCTL32.dll
0x00007ffef4390000 - 0x00007ffef460d000 	C:\Windows\system32\combase.dll
0x00007ffef4320000 - 0x00007ffef438a000 	C:\Windows\system32\bcryptPrimitives.dll
0x00007ffef6c20000 - 0x00007ffef6c5b000 	C:\Windows\system32\IMM32.DLL
0x00007ffef3470000 - 0x00007ffef34d6000 	C:\Windows\system32\nvinitx.dll
0x00000000567b0000 - 0x0000000056882000 	C:\Program Files\Java\jdk1.8.0_91\jre\bin\msvcr100.dll
0x0000000056d10000 - 0x00000000575a3000 	C:\Program Files\Java\jdk1.8.0_91\jre\bin\server\jvm.dll
0x00007ffef49b0000 - 0x00007ffef49b8000 	C:\Windows\system32\PSAPI.DLL
0x00007ffef1c50000 - 0x00007ffef1c73000 	C:\Windows\SYSTEM32\WINMM.dll
0x00007ffee0e80000 - 0x00007ffee0e89000 	C:\Windows\SYSTEM32\WSOCK32.dll
0x00007ffeefd30000 - 0x00007ffeefd3a000 	C:\Windows\SYSTEM32\VERSION.dll
0x00007ffef6f20000 - 0x00007ffef6f8b000 	C:\Windows\system32\WS2_32.dll
0x00007ffef1be0000 - 0x00007ffef1c0c000 	C:\Windows\SYSTEM32\WINMMBASE.dll
0x00007ffef3ff0000 - 0x00007ffef4033000 	C:\Windows\system32\cfgmgr32.dll
0x0000000056c20000 - 0x0000000056c2f000 	C:\Program Files\Java\jdk1.8.0_91\jre\bin\verify.dll
0x0000000056bf0000 - 0x0000000056c19000 	C:\Program Files\Java\jdk1.8.0_91\jre\bin\java.dll
0x0000000056bd0000 - 0x0000000056be6000 	C:\Program Files\Java\jdk1.8.0_91\jre\bin\zip.dll
0x00007ffef5550000 - 0x00007ffef6aac000 	C:\Windows\system32\SHELL32.dll
0x00007ffef3830000 - 0x00007ffef3e74000 	C:\Windows\system32\windows.storage.dll
0x00007ffef4950000 - 0x00007ffef49a2000 	C:\Windows\system32\shlwapi.dll
0x00007ffef35d0000 - 0x00007ffef35df000 	C:\Windows\system32\kernel.appcore.dll
0x00007ffef3e80000 - 0x00007ffef3f35000 	C:\Windows\system32\shcore.dll
0x00007ffef35e0000 - 0x00007ffef362b000 	C:\Windows\system32\powrprof.dll
0x00007ffef35b0000 - 0x00007ffef35c4000 	C:\Windows\system32\profapi.dll

VM Arguments:
jvm_args: -Djava.awt.headless=true -Xmx1024M -Dfile.encoding=windows-1251 -Duser.country=RU -Duser.language=ru -Duser.variant 
java_command: com.android.dx.command.Main --dex --num-threads=4 --output C:\Summer2016\n17r\WordsFromWord\AppSrc\WordsFromWord\app\build\intermediates\pre-dexed\debug\debug_c7fe61a5386a84d0071a3b66560525cfec79f3f9.jar C:\Summer2016\n17r\WordsFromWord\AppSrc\WordsFromWord\app\build\intermediates\classes\debug
java_class_path (initial): C:\Users\aqali\AppData\Local\Android\sdk\build-tools\23.0.3\lib\dx.jar
Launcher Type: SUN_STANDARD

Environment Variables:
PATH=C:\ProgramData\Oracle\Java\javapath;C:\Program Files (x86)\NVIDIA Corporation\PhysX\Common;C:\Program Files (x86)\Intel\iCLS Client\;C:\Program Files\Intel\iCLS Client\;C:\Windows\system32;C:\Windows;C:\Windows\System32\Wbem;C:\Windows\System32\WindowsPowerShell\v1.0\;C:\ProgramData\pbox;C:\Programs\Python-2;C:\Programs\tools\misc;C:\Programs\tools\support-tools;C:\Programs\tools\sysinternals;C:\Programs\tools\windows-resource-kit;C:\Programs\Python-3;C:\Programs\mingw-tdm-gcc\bin;C:\Programs\mingw-tdm-gcc\mingw32\bin;C:\Programs\mingw-tdm-gcc\msys\1.0\sbin;C:\Programs\mingw-tdm-gcc\msys\1.0\sbin;C:\Programs\Far;C:\Programs\git\bin;C:\Programs\sublimetext2;C:\Program Files (x86)\Skype\Phone\;C:\Program Files\Intel\Intel(R) Management Engine Components\DAL;C:\Program Files\Intel\Intel(R) Management Engine Components\IPT;C:\Program Files (x86)\Intel\Intel(R) Management Engine Components\DAL;C:\Program Files (x86)\Intel\Intel(R) Management Engine Components\IPT;C:\Program Files\Java\jdk1.7.0_79\bin;C:\Program Files\nodejs\;C:\Programs\dex2jar-2.0;C:\Users\aqali\AppData\Roaming\npm;.;;.;
USERNAME=aqali
OS=Windows_NT
PROCESSOR_IDENTIFIER=Intel64 Family 6 Model 58 Stepping 9, GenuineIntel



---------------  S Y S T E M  ---------------

OS: Windows 10.0 , 64 bit Build 10586 (10.0.10586.0)

CPU:total 4 (2 cores per cpu, 2 threads per core) family 6 model 58 stepping 9, cmov, cx8, fxsr, mmx, sse, sse2, sse3, ssse3, sse4.1, sse4.2, popcnt, avx, aes, clmul, erms, ht, tsc, tscinvbit, tscinv

Memory: 4k page, physical 4008296k(449504k free), swap 5514080k(5220k free)

vm_info: Java HotSpot(TM) 64-Bit Server VM (25.91-b15) for windows-amd64 JRE (1.8.0_91-b15), built on May 20 2016 17:43:15 by "java_re" with MS VC++ 10.0 (VS2010)

time: Sun Aug 14 23:36:29 2016
elapsed time: 7 seconds (0d 0h 0m 7s)

