#
# There is insufficient memory for the Java Runtime Environment to continue.
# Native memory allocation (malloc) failed to allocate 1048576 bytes for AllocateHeap
# Possible reasons:
#   The system is out of physical RAM or swap space
#   In 32 bit mode, the process size limit was hit
# Possible solutions:
#   Reduce memory load on the system
#   Increase physical memory or swap space
#   Check if swap backing store is full
#   Use 64 bit Java on a 64 bit OS
#   Decrease Java heap size (-Xmx/-Xms)
#   Decrease number of Java threads
#   Decrease Java thread stack sizes (-Xss)
#   Set larger code cache with -XX:ReservedCodeCacheSize=
# This output file may be truncated or incomplete.
#
#  Out of Memory Error (memory/allocation.inline.hpp:61), pid=6104, tid=7140
#
# JRE version:  (8.0_91-b15) (build )
# Java VM: Java HotSpot(TM) 64-Bit Server VM (25.91-b15 mixed mode windows-amd64 compressed oops)
# Failed to write core dump. Minidumps are not enabled by default on client versions of Windows
#

---------------  T H R E A D  ---------------

Current thread (0x000000000240d800):  JavaThread "Unknown thread" [_thread_in_vm, id=7140, stack(0x0000000002110000,0x0000000002210000)]

Stack: [0x0000000002110000,0x0000000002210000]
[error occurred during error reporting (printing stack bounds), id 0xc0000005]

Native frames: (J=compiled Java code, j=interpreted, Vv=VM code, C=native code)


---------------  P R O C E S S  ---------------

Java Threads: ( => current thread )

Other Threads:

=>0x000000000240d800 (exited) JavaThread "Unknown thread" [_thread_in_vm, id=7140, stack(0x0000000002110000,0x0000000002210000)]

VM state:not at safepoint (normal execution)

VM Mutex/Monitor currently owned by a thread: None

Heap:
 PSYoungGen      total 18432K, used 317K [0x00000000eab00000, 0x00000000ebf80000, 0x0000000100000000)
  eden space 15872K, 2% used [0x00000000eab00000,0x00000000eab4f5d0,0x00000000eba80000)
  from space 2560K, 0% used [0x00000000ebd00000,0x00000000ebd00000,0x00000000ebf80000)
  to   space 2560K, 0% used [0x00000000eba80000,0x00000000eba80000,0x00000000ebd00000)
 ParOldGen       total 42496K, used 0K [0x00000000c0000000, 0x00000000c2980000, 0x00000000eab00000)
  object space 42496K, 0% used [0x00000000c0000000,0x00000000c0000000,0x00000000c2980000)
 Metaspace       used 769K, capacity 4480K, committed 4480K, reserved 1056768K
  class space    used 75K, capacity 384K, committed 384K, reserved 1048576K

Card table byte_map: [0x00000000117d0000,0x00000000119e0000] byte_map_base: 0x00000000111d0000

Marking Bits: (ParMarkBitMap*) 0x0000000057522f70
 Begin Bits: [0x0000000011f40000, 0x0000000012f40000)
 End Bits:   [0x0000000012f40000, 0x0000000013f40000)

Polling page: 0x00000000001f0000

CodeCache: size=245760Kb used=328Kb max_used=328Kb free=245431Kb
 bounds [0x0000000002410000, 0x0000000002680000, 0x0000000011410000]
 total_blobs=58 nmethods=0 adapters=38
 compilation: enabled

Compilation events (0 events):
No events

GC Heap History (0 events):
No events

Deoptimization events (0 events):
No events

Internal exceptions (0 events):
No events

Events (10 events):
Event: 0.025 loading class java/lang/Short
Event: 0.025 loading class java/lang/Short done
Event: 0.025 loading class java/lang/Integer
Event: 0.025 loading class java/lang/Integer done
Event: 0.025 loading class java/lang/Long
Event: 0.026 loading class java/lang/Long done
Event: 0.028 loading class java/lang/NullPointerException
Event: 0.028 loading class java/lang/NullPointerException done
Event: 0.028 loading class java/lang/ArithmeticException
Event: 0.028 loading class java/lang/ArithmeticException done


Dynamic libraries:
0x00007ff7d6c00000 - 0x00007ff7d6c37000 	C:\Program Files\Java\jdk1.8.0_91\bin\java.exe
0x00007ffef6f90000 - 0x00007ffef7151000 	C:\Windows\SYSTEM32\ntdll.dll
0x00007ffef47a0000 - 0x00007ffef484d000 	C:\Windows\system32\KERNEL32.DLL
0x00007ffef3640000 - 0x00007ffef3828000 	C:\Windows\system32\KERNELBASE.dll
0x00007ffef6c60000 - 0x00007ffef6d07000 	C:\Windows\system32\ADVAPI32.dll
0x00007ffef48b0000 - 0x00007ffef494d000 	C:\Windows\system32\msvcrt.dll
0x00007ffef6ab0000 - 0x00007ffef6b0b000 	C:\Windows\system32\sechost.dll
0x00007ffef5120000 - 0x00007ffef523c000 	C:\Windows\system32\RPCRT4.dll
0x00007ffef4fc0000 - 0x00007ffef5116000 	C:\Windows\system32\USER32.dll
0x00007ffef4610000 - 0x00007ffef4796000 	C:\Windows\system32\GDI32.dll
0x00007ffeef970000 - 0x00007ffeefbe4000 	C:\Windows\WinSxS\amd64_microsoft.windows.common-controls_6595b64144ccf1df_6.0.10586.0_none_8c15ae12515e1c22\COMCTL32.dll
0x00007ffef4390000 - 0x00007ffef460d000 	C:\Windows\system32\combase.dll
0x00007ffef4320000 - 0x00007ffef438a000 	C:\Windows\system32\bcryptPrimitives.dll
0x00007ffef6c20000 - 0x00007ffef6c5b000 	C:\Windows\system32\IMM32.DLL
0x00007ffef3470000 - 0x00007ffef34d6000 	C:\Windows\system32\nvinitx.dll
0x00000000567b0000 - 0x0000000056882000 	C:\Program Files\Java\jdk1.8.0_91\jre\bin\msvcr100.dll
0x0000000056d10000 - 0x00000000575a3000 	C:\Program Files\Java\jdk1.8.0_91\jre\bin\server\jvm.dll
0x00007ffef49b0000 - 0x00007ffef49b8000 	C:\Windows\system32\PSAPI.DLL
0x00007ffee0e80000 - 0x00007ffee0e89000 	C:\Windows\SYSTEM32\WSOCK32.dll
0x00007ffef1c50000 - 0x00007ffef1c73000 	C:\Windows\SYSTEM32\WINMM.dll
0x00007ffeefd30000 - 0x00007ffeefd3a000 	C:\Windows\SYSTEM32\VERSION.dll
0x00007ffef6f20000 - 0x00007ffef6f8b000 	C:\Windows\system32\WS2_32.dll
0x00007ffef1be0000 - 0x00007ffef1c0c000 	C:\Windows\SYSTEM32\winmmbase.dll
0x00007ffef3ff0000 - 0x00007ffef4033000 	C:\Windows\system32\cfgmgr32.dll
0x0000000056c20000 - 0x0000000056c2f000 	C:\Program Files\Java\jdk1.8.0_91\jre\bin\verify.dll
0x0000000056bf0000 - 0x0000000056c19000 	C:\Program Files\Java\jdk1.8.0_91\jre\bin\java.dll
0x0000000056bd0000 - 0x0000000056be6000 	C:\Program Files\Java\jdk1.8.0_91\jre\bin\zip.dll

VM Arguments:
jvm_args: -Djava.awt.headless=true -Xmx1024M -Dfile.encoding=windows-1251 -Duser.country=RU -Duser.language=ru -Duser.variant 
java_command: com.android.dx.command.Main --dex --num-threads=4 --output C:\Summer2016\n17r\WordsFromWord\AppSrc\WordsFromWord\app\build\intermediates\pre-dexed\debug\com.android.support-appcompat-v7-24.0.0_5c69e8539b51e2651e184cced7f1e153b75e9b57.jar C:\Summer2016\n17r\WordsFromWord\AppSrc\WordsFromWord\app\build\intermediates\exploded-aar\com.android.support\appcompat-v7\24.0.0\jars\classes.jar
java_class_path (initial): C:\Users\aqali\AppData\Local\Android\sdk\build-tools\23.0.3\lib\dx.jar
Launcher Type: SUN_STANDARD

Environment Variables:
PATH=C:\ProgramData\Oracle\Java\javapath;C:\Program Files (x86)\NVIDIA Corporation\PhysX\Common;C:\Program Files (x86)\Intel\iCLS Client\;C:\Program Files\Intel\iCLS Client\;C:\Windows\system32;C:\Windows;C:\Windows\System32\Wbem;C:\Windows\System32\WindowsPowerShell\v1.0\;C:\ProgramData\pbox;C:\Programs\Python-2;C:\Programs\tools\misc;C:\Programs\tools\support-tools;C:\Programs\tools\sysinternals;C:\Programs\tools\windows-resource-kit;C:\Programs\Python-3;C:\Programs\mingw-tdm-gcc\bin;C:\Programs\mingw-tdm-gcc\mingw32\bin;C:\Programs\mingw-tdm-gcc\msys\1.0\sbin;C:\Programs\mingw-tdm-gcc\msys\1.0\sbin;C:\Programs\Far;C:\Programs\git\bin;C:\Programs\sublimetext2;C:\Program Files (x86)\Skype\Phone\;C:\Program Files\Intel\Intel(R) Management Engine Components\DAL;C:\Program Files\Intel\Intel(R) Management Engine Components\IPT;C:\Program Files (x86)\Intel\Intel(R) Management Engine Components\DAL;C:\Program Files (x86)\Intel\Intel(R) Management Engine Components\IPT;C:\Program Files\Java\jdk1.7.0_79\bin;C:\Program Files\nodejs\;C:\Programs\dex2jar-2.0;C:\Users\aqali\AppData\Roaming\npm;.;;.;;.;
USERNAME=aqali
OS=Windows_NT
PROCESSOR_IDENTIFIER=Intel64 Family 6 Model 58 Stepping 9, GenuineIntel



---------------  S Y S T E M  ---------------

OS: Windows 10.0 , 64 bit Build 10586 (10.0.10586.0)

CPU:total 4 (2 cores per cpu, 2 threads per core) family 6 model 58 stepping 9, cmov, cx8, fxsr, mmx, sse, sse2, sse3, ssse3, sse4.1, sse4.2, popcnt, avx, aes, clmul, erms, ht, tsc, tscinvbit, tscinv

Memory: 4k page, physical 4008296k(435628k free), swap 5514080k(6204k free)

vm_info: Java HotSpot(TM) 64-Bit Server VM (25.91-b15) for windows-amd64 JRE (1.8.0_91-b15), built on May 20 2016 17:43:15 by "java_re" with MS VC++ 10.0 (VS2010)

time: Sun Aug 14 23:36:42 2016
elapsed time: 0 seconds (0d 0h 0m 0s)

