#
# There is insufficient memory for the Java Runtime Environment to continue.
# Native memory allocation (malloc) failed to allocate 110560 bytes for Chunk::new
# Possible reasons:
#   The system is out of physical RAM or swap space
#   In 32 bit mode, the process size limit was hit
# Possible solutions:
#   Reduce memory load on the system
#   Increase physical memory or swap space
#   Check if swap backing store is full
#   Use 64 bit Java on a 64 bit OS
#   Decrease Java heap size (-Xmx/-Xms)
#   Decrease number of Java threads
#   Decrease Java thread stack sizes (-Xss)
#   Set larger code cache with -XX:ReservedCodeCacheSize=
# This output file may be truncated or incomplete.
#
#  Out of Memory Error (allocation.cpp:390), pid=5172, tid=8752
#
# JRE version: Java(TM) SE Runtime Environment (8.0_91-b15) (build 1.8.0_91-b15)
# Java VM: Java HotSpot(TM) 64-Bit Server VM (25.91-b15 mixed mode windows-amd64 compressed oops)
# Failed to write core dump. Minidumps are not enabled by default on client versions of Windows
#

---------------  T H R E A D  ---------------

Current thread (0x0000000014968000):  JavaThread "C2 CompilerThread1" daemon [_thread_in_native, id=8752, stack(0x00000000160b0000,0x00000000161b0000)]

Stack: [0x00000000160b0000,0x00000000161b0000]
[error occurred during error reporting (printing stack bounds), id 0xc0000005]

Native frames: (J=compiled Java code, j=interpreted, Vv=VM code, C=native code)


Current CompileTask:
C2:    660  149       4       java.util.regex.Pattern::compile (406 bytes)


---------------  P R O C E S S  ---------------

Java Threads: ( => current thread )
  0x00000000161b3000 JavaThread "Service Thread" daemon [_thread_blocked, id=2960, stack(0x00000000166b0000,0x00000000167b0000)]
  0x0000000014969000 JavaThread "C1 CompilerThread2" daemon [_thread_in_native, id=3636, stack(0x00000000165b0000,0x00000000166b0000)]
=>0x0000000014968000 JavaThread "C2 CompilerThread1" daemon [_thread_in_native, id=8752, stack(0x00000000160b0000,0x00000000161b0000)]
  0x0000000014960800 JavaThread "C2 CompilerThread0" daemon [_thread_blocked, id=7556, stack(0x0000000015fb0000,0x00000000160b0000)]
  0x000000001495d800 JavaThread "Attach Listener" daemon [_thread_blocked, id=1716, stack(0x0000000015eb0000,0x0000000015fb0000)]
  0x000000001496d000 JavaThread "Signal Dispatcher" daemon [_thread_blocked, id=576, stack(0x0000000015db0000,0x0000000015eb0000)]
  0x000000001494a000 JavaThread "Finalizer" daemon [_thread_blocked, id=4148, stack(0x0000000015bc0000,0x0000000015cc0000)]
  0x0000000014929000 JavaThread "Reference Handler" daemon [_thread_blocked, id=8288, stack(0x0000000015ac0000,0x0000000015bc0000)]
  0x00000000001ed800 JavaThread "main" [_thread_in_vm, id=4404, stack(0x0000000002090000,0x0000000002190000)]

Other Threads:
  0x0000000014927800 VMThread [stack: 0x00000000159c0000,0x0000000015ac0000] [id=5328]
  0x00000000161b7000 WatcherThread [stack: 0x00000000167b0000,0x00000000168b0000] [id=6672]

VM state:not at safepoint (normal execution)

VM Mutex/Monitor currently owned by a thread: None

Heap:
 PSYoungGen      total 18432K, used 6683K [0x00000000eab00000, 0x00000000ebf80000, 0x0000000100000000)
  eden space 15872K, 42% used [0x00000000eab00000,0x00000000eb186df8,0x00000000eba80000)
  from space 2560K, 0% used [0x00000000ebd00000,0x00000000ebd00000,0x00000000ebf80000)
  to   space 2560K, 0% used [0x00000000eba80000,0x00000000eba80000,0x00000000ebd00000)
 ParOldGen       total 42496K, used 0K [0x00000000c0000000, 0x00000000c2980000, 0x00000000eab00000)
  object space 42496K, 0% used [0x00000000c0000000,0x00000000c0000000,0x00000000c2980000)
 Metaspace       used 3754K, capacity 4944K, committed 5120K, reserved 1056768K
  class space    used 415K, capacity 456K, committed 512K, reserved 1048576K

Card table byte_map: [0x0000000011650000,0x0000000011860000] byte_map_base: 0x0000000011050000

Marking Bits: (ParMarkBitMap*) 0x0000000057522f70
 Begin Bits: [0x0000000011dc0000, 0x0000000012dc0000)
 End Bits:   [0x0000000012dc0000, 0x0000000013dc0000)

Polling page: 0x0000000000510000

CodeCache: size=245760Kb used=1485Kb max_used=1487Kb free=244274Kb
 bounds [0x0000000002290000, 0x0000000002500000, 0x0000000011290000]
 total_blobs=446 nmethods=194 adapters=165
 compilation: enabled

Compilation events (10 events):
Event: 0.602 Thread 0x0000000014960800 nmethod 143 0x00000000023f0d90 code [0x00000000023f0f00, 0x00000000023f1518]
Event: 0.602 Thread 0x0000000014960800  150       4       java.util.regex.Pattern::newSlice (181 bytes)
Event: 0.603 Thread 0x0000000014969000 nmethod 165 0x00000000023f4c10 code [0x00000000023f4e80, 0x00000000023f6138]
Event: 0.603 Thread 0x0000000014969000  164       3       java.util.HashMap::afterNodeInsertion (1 bytes)
Event: 0.603 Thread 0x0000000014969000 nmethod 164 0x00000000023f0690 code [0x00000000023f07e0, 0x00000000023f0930]
Event: 0.607 Thread 0x0000000014960800 nmethod 150 0x00000000023f6fd0 code [0x00000000023f7120, 0x00000000023f7418]
Event: 0.607 Thread 0x0000000014960800  148       4       java.lang.String::compareTo (78 bytes)
Event: 0.610 Thread 0x0000000014960800 nmethod 148 0x00000000023f1a10 code [0x00000000023f1b60, 0x00000000023f1cf8]
Event: 0.610 Thread 0x0000000014960800  144       4       java.lang.Math::max (11 bytes)
Event: 0.611 Thread 0x0000000014960800 nmethod 144 0x00000000023f7590 code [0x00000000023f76c0, 0x00000000023f7718]

GC Heap History (0 events):
No events

Deoptimization events (0 events):
No events

Internal exceptions (2 events):
Event: 0.181 Thread 0x00000000001ed800 Exception <a 'java/lang/NoSuchMethodError': Method sun.misc.Unsafe.defineClass(Ljava/lang/String;[BII)Ljava/lang/Class; name or signature does not match> (0x00000000eab07cc0) thrown at [C:\re\workspace\8-2-build-windows-amd64-cygwin\jdk8u91\7017\hotspot\srh÷ûΩP"«?
Event: 0.181 Thread 0x00000000001ed800 Exception <a 'java/lang/NoSuchMethodError': Method sun.misc.Unsafe.prefetchRead(Ljava/lang/Object;J)V name or signature does not match> (0x00000000eab07fa8) thrown at [C:\re\workspace\8-2-build-windows-amd64-cygwin\jdk8u91\7017\hotspot\src\share\vm\prims\j

Events (10 events):
Event: 0.602 loading class java/util/zip/CRC32
Event: 0.602 loading class java/util/zip/Checksum
Event: 0.602 loading class java/util/zip/Checksum done
Event: 0.602 loading class java/util/zip/CRC32 done
Event: 0.602 loading class sun/util/calendar/ZoneInfoFile$Checksum done
Event: 0.602 loading class java/util/TimeZone$1
Event: 0.603 loading class java/util/TimeZone$1 done
Event: 0.603 loading class sun/util/calendar/Gregorian$Date
Event: 0.603 loading class sun/util/calendar/BaseCalendar$Date
Event: 0.603 loading class sun/util/calendar/CalendarDate


Dynamic libraries:
0x00007ff7d6c00000 - 0x00007ff7d6c37000 	C:\Program Files\Java\jdk1.8.0_91\bin\java.exe
0x00007ffef6f90000 - 0x00007ffef7151000 	C:\Windows\SYSTEM32\ntdll.dll
0x00007ffef47a0000 - 0x00007ffef484d000 	C:\Windows\system32\KERNEL32.DLL
0x00007ffef3640000 - 0x00007ffef3828000 	C:\Windows\system32\KERNELBASE.dll
0x00007ffef6c60000 - 0x00007ffef6d07000 	C:\Windows\system32\ADVAPI32.dll
0x00007ffef48b0000 - 0x00007ffef494d000 	C:\Windows\system32\msvcrt.dll
0x00007ffef6ab0000 - 0x00007ffef6b0b000 	C:\Windows\system32\sechost.dll
0x00007ffef5120000 - 0x00007ffef523c000 	C:\Windows\system32\RPCRT4.dll
0x00007ffef4fc0000 - 0x00007ffef5116000 	C:\Windows\system32\USER32.dll
0x00007ffef4610000 - 0x00007ffef4796000 	C:\Windows\system32\GDI32.dll
0x00007ffeef970000 - 0x00007ffeefbe4000 	C:\Windows\WinSxS\amd64_microsoft.windows.common-controls_6595b64144ccf1df_6.0.10586.0_none_8c15ae12515e1c22\COMCTL32.dll
0x00007ffef4390000 - 0x00007ffef460d000 	C:\Windows\system32\combase.dll
0x00007ffef4320000 - 0x00007ffef438a000 	C:\Windows\system32\bcryptPrimitives.dll
0x00007ffef6c20000 - 0x00007ffef6c5b000 	C:\Windows\system32\IMM32.DLL
0x00007ffef3470000 - 0x00007ffef34d6000 	C:\Windows\system32\nvinitx.dll
0x00000000567b0000 - 0x0000000056882000 	C:\Program Files\Java\jdk1.8.0_91\jre\bin\msvcr100.dll
0x0000000056d10000 - 0x00000000575a3000 	C:\Program Files\Java\jdk1.8.0_91\jre\bin\server\jvm.dll
0x00007ffef49b0000 - 0x00007ffef49b8000 	C:\Windows\system32\PSAPI.DLL
0x00007ffee0e80000 - 0x00007ffee0e89000 	C:\Windows\SYSTEM32\WSOCK32.dll
0x00007ffef6f20000 - 0x00007ffef6f8b000 	C:\Windows\system32\WS2_32.dll
0x00007ffef1c50000 - 0x00007ffef1c73000 	C:\Windows\SYSTEM32\WINMM.dll
0x00007ffeefd30000 - 0x00007ffeefd3a000 	C:\Windows\SYSTEM32\VERSION.dll
0x00007ffef1be0000 - 0x00007ffef1c0c000 	C:\Windows\SYSTEM32\WINMMBASE.dll
0x00007ffef3ff0000 - 0x00007ffef4033000 	C:\Windows\system32\cfgmgr32.dll
0x0000000056c20000 - 0x0000000056c2f000 	C:\Program Files\Java\jdk1.8.0_91\jre\bin\verify.dll
0x0000000056bf0000 - 0x0000000056c19000 	C:\Program Files\Java\jdk1.8.0_91\jre\bin\java.dll
0x0000000056bd0000 - 0x0000000056be6000 	C:\Program Files\Java\jdk1.8.0_91\jre\bin\zip.dll
0x00007ffef5550000 - 0x00007ffef6aac000 	C:\Windows\system32\SHELL32.dll
0x00007ffef3830000 - 0x00007ffef3e74000 	C:\Windows\system32\windows.storage.dll
0x00007ffef4950000 - 0x00007ffef49a2000 	C:\Windows\system32\shlwapi.dll
0x00007ffef35d0000 - 0x00007ffef35df000 	C:\Windows\system32\kernel.appcore.dll
0x00007ffef3e80000 - 0x00007ffef3f35000 	C:\Windows\system32\shcore.dll
0x00007ffef35e0000 - 0x00007ffef362b000 	C:\Windows\system32\powrprof.dll
0x00007ffef35b0000 - 0x00007ffef35c4000 	C:\Windows\system32\profapi.dll

VM Arguments:
jvm_args: -Djava.awt.headless=true -Xmx1024M -Dfile.encoding=windows-1251 -Duser.country=RU -Duser.language=ru -Duser.variant 
java_command: com.android.dx.command.Main --dex --num-threads=4 --output C:\Summer2016\n17r\WordsFromWord\AppSrc\WordsFromWord\app\build\intermediates\pre-dexed\debug\glide-3.7.0_aa398176f5f352c0e4906ed675300766a7fea389.jar C:\Users\aqali\.gradle\caches\modules-2\files-2.1\com.github.bumptech.glide\glide\3.7.0\9e9eeaf9948ee4d6c3ab354e8dc14368f16994a4\glide-3.7.0.jar
java_class_path (initial): C:\Users\aqali\AppData\Local\Android\sdk\build-tools\23.0.3\lib\dx.jar
Launcher Type: SUN_STANDARD

Environment Variables:
PATH=C:\ProgramData\Oracle\Java\javapath;C:\Program Files (x86)\NVIDIA Corporation\PhysX\Common;C:\Program Files (x86)\Intel\iCLS Client\;C:\Program Files\Intel\iCLS Client\;C:\Windows\system32;C:\Windows;C:\Windows\System32\Wbem;C:\Windows\System32\WindowsPowerShell\v1.0\;C:\ProgramData\pbox;C:\Programs\Python-2;C:\Programs\tools\misc;C:\Programs\tools\support-tools;C:\Programs\tools\sysinternals;C:\Programs\tools\windows-resource-kit;C:\Programs\Python-3;C:\Programs\mingw-tdm-gcc\bin;C:\Programs\mingw-tdm-gcc\mingw32\bin;C:\Programs\mingw-tdm-gcc\msys\1.0\sbin;C:\Programs\mingw-tdm-gcc\msys\1.0\sbin;C:\Programs\Far;C:\Programs\git\bin;C:\Programs\sublimetext2;C:\Program Files (x86)\Skype\Phone\;C:\Program Files\Intel\Intel(R) Management Engine Components\DAL;C:\Program Files\Intel\Intel(R) Management Engine Components\IPT;C:\Program Files (x86)\Intel\Intel(R) Management Engine Components\DAL;C:\Program Files (x86)\Intel\Intel(R) Management Engine Components\IPT;C:\Program Files\Java\jdk1.7.0_79\bin;C:\Program Files\nodejs\;C:\Programs\dex2jar-2.0;C:\Users\aqali\AppData\Roaming\npm;.;;.;
USERNAME=aqali
OS=Windows_NT
PROCESSOR_IDENTIFIER=Intel64 Family 6 Model 58 Stepping 9, GenuineIntel



---------------  S Y S T E M  ---------------

OS: Windows 10.0 , 64 bit Build 10586 (10.0.10586.0)

CPU:total 4 (2 cores per cpu, 2 threads per core) family 6 model 58 stepping 9, cmov, cx8, fxsr, mmx, sse, sse2, sse3, ssse3, sse4.1, sse4.2, popcnt, avx, aes, clmul, erms, ht, tsc, tscinvbit, tscinv

Memory: 4k page, physical 4008296k(357876k free), swap 5620140k(106480k free)

vm_info: Java HotSpot(TM) 64-Bit Server VM (25.91-b15) for windows-amd64 JRE (1.8.0_91-b15), built on May 20 2016 17:43:15 by "java_re" with MS VC++ 10.0 (VS2010)

time: Sun Aug 14 23:39:21 2016
elapsed time: 0 seconds (0d 0h 0m 0s)

